[ 2015-11-04T09:40:44+08:00 ] 127.0.0.1 /newadmin/index.php/leftnav/s/3.html
INFO: [ app_init ] --START--
INFO: Run Behavior\BuildLiteBehavior [ RunTime:0.000045s ]
INFO: [ app_init ] --END-- [ RunTime:0.000903s ]
ERR: 无法加载模块:Leftnav

[ 2015-11-04T09:40:47+08:00 ] 127.0.0.1 /newadmin/index.php/sys/s/2.html
INFO: [ app_init ] --START--
INFO: Run Behavior\BuildLiteBehavior [ RunTime:0.000034s ]
INFO: [ app_init ] --END-- [ RunTime:0.000652s ]
ERR: 无法加载模块:Sys

[ 2015-11-04T09:41:30+08:00 ] 127.0.0.1 /newadmin/index.php/Sys/Sys/sys/s/2.html
INFO: [ app_init ] --START--
INFO: Run Behavior\BuildLiteBehavior [ RunTime:0.000036s ]
INFO: [ app_init ] --END-- [ RunTime:0.000792s ]
ERR: 无法加载模块:Sys

[ 2015-11-04T09:42:12+08:00 ] 127.0.0.1 /newadmin/index.php/Sys/Sys/sys/s/2.html
INFO: [ app_init ] --START--
INFO: Run Behavior\BuildLiteBehavior [ RunTime:0.000058s ]
INFO: [ app_init ] --END-- [ RunTime:0.001247s ]
ERR: 无法加载模块:Sys

